<?xml version="1.0" encoding="UTF-8"?>
<!-- Generated by org.testng.reporters.JUnitReportReporter -->
<testsuite hostname="Satheesh" failures="0" tests="1" name="com.origin.fractal.testauto.test.testsuites.BestBuy" time="140.590" errors="0" timestamp="02 Feb 2024 16:36:08 GMT" skipped="0">
  <testcase classname="com.origin.fractal.testauto.test.testsuites.BestBuy" name="testMyAccountPage" time="140.590"/>
</testsuite> <!-- com.origin.fractal.testauto.test.testsuites.BestBuy -->
