<?xml version="1.0" encoding="UTF-8"?>
<!-- Generated by org.testng.reporters.JUnitReportReporter -->
<testsuite hostname="Satheesh" failures="0" tests="2" name="com.origin.fractal.testauto.test.testsuites.WebTestsAccount" time="203.753" errors="0" timestamp="02 Feb 2024 06:46:43 GMT" skipped="0">
  <testcase classname="com.origin.fractal.testauto.test.testsuites.WebTestsAccount" name="testMyAccountPage" time="186.512"/>
  <testcase classname="com.origin.fractal.testauto.test.testsuites.WebTestsAccount" name="testMyAccountPage1" time="17.241"/>
</testsuite> <!-- com.origin.fractal.testauto.test.testsuites.WebTestsAccount -->
